<?xml version="1.0" encoding="UTF-8"?>
<testsuite name="de.aittr.lms.restAssuredTests.SetUsersPasswordTests" tests="1" skipped="0" failures="0" errors="0" timestamp="2023-11-11T15:22:42" hostname="LAPTOP-LILIIA" time="0.388">
  <properties/>
  <testcase name="setUsersPasswordPositiveTest" classname="de.aittr.lms.restAssuredTests.SetUsersPasswordTests" time="0.388"/>
  <system-out><![CDATA[17:22:42.458 [Test worker] INFO  d.a.lms.restAssuredTests.TestBaseRA -- Start test setUsersPasswordPositiveTest with parameters []
17:22:42.847 [Test worker] INFO  d.a.lms.restAssuredTests.TestBaseRA -- PASSED: setUsersPasswordPositiveTest
17:22:42.847 [Test worker] INFO  d.a.lms.restAssuredTests.TestBaseRA -- Stop test
17:22:42.847 [Test worker] INFO  d.a.lms.restAssuredTests.TestBaseRA -- ==============================
]]></system-out>
  <system-err><![CDATA[]]></system-err>
</testsuite>
