<?xml version="1.0" encoding="UTF-8"?>
<testsuite name="de.aittr.lms.restAssuredTests.GetAllCohortsRATests" tests="1" skipped="0" failures="0" errors="0" timestamp="2023-12-02T19:42:23" hostname="LAPTOP-LILIIA" time="0.02">
  <properties/>
  <testcase name="getAllCohortsTest" classname="de.aittr.lms.restAssuredTests.GetAllCohortsRATests" time="0.02"/>
  <system-out><![CDATA[20:42:23.661 [Test worker] INFO  d.a.lms.restAssuredTests.TestBaseRA -- Start test getAllCohortsTest with parameters []
20:42:23.683 [Test worker] INFO  d.a.lms.restAssuredTests.TestBaseRA -- PASSED: getAllCohortsTest
20:42:23.684 [Test worker] INFO  d.a.lms.restAssuredTests.TestBaseRA -- Stop test
20:42:23.684 [Test worker] INFO  d.a.lms.restAssuredTests.TestBaseRA -- ==============================
]]></system-out>
  <system-err><![CDATA[]]></system-err>
</testsuite>
