<?xml version="1.0" encoding="UTF-8"?>
<testsuite name="de.aittr.lms.restAssuredTests.CreateZoomMeetingRATests" tests="1" skipped="0" failures="0" errors="0" timestamp="2023-11-27T12:48:36" hostname="LAPTOP-LILIIA" time="4.853">
  <properties/>
  <testcase name="createZoomMeetingByAdminPositiveTest" classname="de.aittr.lms.restAssuredTests.CreateZoomMeetingRATests" time="4.853"/>
  <system-out><![CDATA[Standard Commons Logging discovery in action with spring-jcl: please remove commons-logging.jar from classpath in order to avoid potential conflicts
13:48:36.454 [Test worker] INFO  d.a.lms.restAssuredTests.TestBaseRA -- Start test createZoomMeetingByAdminPositiveTest with parameters []
13:48:41.319 [Test worker] INFO  d.a.lms.restAssuredTests.TestBaseRA -- PASSED: createZoomMeetingByAdminPositiveTest
13:48:41.320 [Test worker] INFO  d.a.lms.restAssuredTests.TestBaseRA -- Stop test
13:48:41.320 [Test worker] INFO  d.a.lms.restAssuredTests.TestBaseRA -- ==============================
]]></system-out>
  <system-err><![CDATA[]]></system-err>
</testsuite>
