<?xml version="1.0" encoding="UTF-8"?>
<testsuite name="de.aittr.lms.restAssuredTests.GetAllUsersRATests" tests="2" skipped="0" failures="0" errors="0" timestamp="2023-12-02T19:42:23" hostname="LAPTOP-LILIIA" time="0.101">
  <properties/>
  <testcase name="getAllUsersByAdminPositiveTest" classname="de.aittr.lms.restAssuredTests.GetAllUsersRATests" time="0.011"/>
  <testcase name="getAllUsersWithoutAdminNegativeTest" classname="de.aittr.lms.restAssuredTests.GetAllUsersRATests" time="0.007"/>
  <system-out><![CDATA[20:42:23.685 [Test worker] INFO  d.a.lms.restAssuredTests.TestBaseRA -- Start test getAllUsersByAdminPositiveTest with parameters []
20:42:23.780 [Test worker] INFO  d.a.lms.restAssuredTests.TestBaseRA -- PASSED: getAllUsersByAdminPositiveTest
20:42:23.780 [Test worker] INFO  d.a.lms.restAssuredTests.TestBaseRA -- Stop test
20:42:23.780 [Test worker] INFO  d.a.lms.restAssuredTests.TestBaseRA -- ==============================
20:42:23.781 [Test worker] INFO  d.a.lms.restAssuredTests.TestBaseRA -- Start test getAllUsersWithoutAdminNegativeTest with parameters []
20:42:23.870 [Test worker] INFO  d.a.lms.restAssuredTests.TestBaseRA -- PASSED: getAllUsersWithoutAdminNegativeTest
20:42:23.870 [Test worker] INFO  d.a.lms.restAssuredTests.TestBaseRA -- Stop test
20:42:23.870 [Test worker] INFO  d.a.lms.restAssuredTests.TestBaseRA -- ==============================
]]></system-out>
  <system-err><![CDATA[]]></system-err>
</testsuite>
