<?xml version="1.0" encoding="UTF-8"?>
<testsuite name="de.aittr.lms.restAssuredTests.RAUserRegistrationTests" tests="1" skipped="0" failures="0" errors="0" timestamp="2023-11-11T20:00:39" hostname="LAPTOP-LILIIA" time="0.636">
  <properties/>
  <testcase name="registerExistedUserNegativeTest" classname="de.aittr.lms.restAssuredTests.RAUserRegistrationTests" time="0.636"/>
  <system-out><![CDATA[22:00:38.148 [Test worker] INFO  d.a.lms.restAssuredTests.TestBaseRA -- Start test registerExistedUserNegativeTest with parameters []
22:00:40.320 [Test worker] INFO  d.a.lms.restAssuredTests.TestBaseRA -- PASSED: registerExistedUserNegativeTest
22:00:40.321 [Test worker] INFO  d.a.lms.restAssuredTests.TestBaseRA -- Stop test
22:00:40.321 [Test worker] INFO  d.a.lms.restAssuredTests.TestBaseRA -- ==============================
]]></system-out>
  <system-err><![CDATA[]]></system-err>
</testsuite>
