<?xml version="1.0" encoding="UTF-8"?>
<testsuite name="de.aittr.lms.restAssuredTests.RALoginTests" tests="2" skipped="0" failures="0" errors="0" timestamp="2023-11-11T15:22:41" hostname="LAPTOP-LILIIA" time="1.688">
  <properties/>
  <testcase name="loginAsAdmin" classname="de.aittr.lms.restAssuredTests.RALoginTests" time="0.849"/>
  <testcase name="loginAsUserPositiveTest" classname="de.aittr.lms.restAssuredTests.RALoginTests" time="0.088"/>
  <system-out><![CDATA[17:22:41.245 [Test worker] INFO  d.a.lms.restAssuredTests.TestBaseRA -- Start test loginAsAdmin with parameters []
17:22:42.100 [Test worker] INFO  d.a.lms.restAssuredTests.TestBaseRA -- PASSED: loginAsAdmin
17:22:42.101 [Test worker] INFO  d.a.lms.restAssuredTests.TestBaseRA -- Stop test
17:22:42.101 [Test worker] INFO  d.a.lms.restAssuredTests.TestBaseRA -- ==============================
17:22:42.937 [Test worker] INFO  d.a.lms.restAssuredTests.TestBaseRA -- PASSED: loginAsUserPositiveTest
17:22:42.938 [Test worker] INFO  d.a.lms.restAssuredTests.TestBaseRA -- Stop test
17:22:42.938 [Test worker] INFO  d.a.lms.restAssuredTests.TestBaseRA -- ==============================
]]></system-out>
  <system-err><![CDATA[]]></system-err>
</testsuite>
