<?xml version="1.0" encoding="UTF-8"?>
<testsuite name="de.aittr.lms.restAssuredTests.RAUserRegistrationTests" tests="1" skipped="0" failures="0" errors="0" timestamp="2023-11-11T13:02:09" hostname="LAPTOP-LILIIA" time="0.414">
  <properties/>
  <testcase name="deleteTest" classname="de.aittr.lms.restAssuredTests.RAUserRegistrationTests" time="0.414"/>
  <system-out><![CDATA[15:02:08.755 [Test worker] INFO  d.a.lms.restAssuredTests.TestBaseRA -- Start test deleteTest with parameters []
8
15:02:10.331 [Test worker] INFO  d.a.lms.restAssuredTests.TestBaseRA -- PASSED: deleteTest
15:02:10.332 [Test worker] INFO  d.a.lms.restAssuredTests.TestBaseRA -- Stop test
15:02:10.333 [Test worker] INFO  d.a.lms.restAssuredTests.TestBaseRA -- ==============================
]]></system-out>
  <system-err><![CDATA[]]></system-err>
</testsuite>
