<?xml version="1.0" encoding="UTF-8"?>
<testsuite name="de.aittr.lms.UITests.AdminPageTests" tests="4" skipped="0" failures="0" errors="0" timestamp="2023-11-23T19:26:09" hostname="LAPTOP-LILIIA" time="7.805">
  <properties/>
  <testcase name="isAdminTeacherStudentDisplayedTest" classname="de.aittr.lms.UITests.AdminPageTests" time="0.641"/>
  <testcase name="searchPanelStudent2Test" classname="de.aittr.lms.UITests.AdminPageTests" time="1.542"/>
  <testcase name="searchPanelStudentTest" classname="de.aittr.lms.UITests.AdminPageTests" time="1.532"/>
  <testcase name="searchPanelTeacherTest" classname="de.aittr.lms.UITests.AdminPageTests" time="1.576"/>
  <system-out><![CDATA[21:26:08.871 [Test worker] INFO  de.aittr.lms.UITests.TestBaseUI -- Start test isAdminTeacherStudentDisplayedTest with data: []
21:26:10.788 [Test worker] INFO  de.aittr.lms.UITests.TestBaseUI -- PASSED: isAdminTeacherStudentDisplayedTest
21:26:10.788 [Test worker] INFO  de.aittr.lms.UITests.TestBaseUI -- Stop test
21:26:10.788 [Test worker] INFO  de.aittr.lms.UITests.TestBaseUI -- ===============================
21:26:10.792 [Test worker] INFO  de.aittr.lms.UITests.TestBaseUI -- Start test searchPanelStudent2Test with data: []
21:26:13.124 [Test worker] INFO  de.aittr.lms.UITests.TestBaseUI -- PASSED: searchPanelStudent2Test
21:26:13.124 [Test worker] INFO  de.aittr.lms.UITests.TestBaseUI -- Stop test
21:26:13.125 [Test worker] INFO  de.aittr.lms.UITests.TestBaseUI -- ===============================
21:26:13.129 [Test worker] INFO  de.aittr.lms.UITests.TestBaseUI -- Start test searchPanelStudentTest with data: []
21:26:15.347 [Test worker] INFO  de.aittr.lms.UITests.TestBaseUI -- PASSED: searchPanelStudentTest
21:26:15.347 [Test worker] INFO  de.aittr.lms.UITests.TestBaseUI -- Stop test
21:26:15.347 [Test worker] INFO  de.aittr.lms.UITests.TestBaseUI -- ===============================
21:26:15.348 [Test worker] INFO  de.aittr.lms.UITests.TestBaseUI -- Start test searchPanelTeacherTest with data: []
21:26:17.747 [Test worker] INFO  de.aittr.lms.UITests.TestBaseUI -- PASSED: searchPanelTeacherTest
21:26:17.747 [Test worker] INFO  de.aittr.lms.UITests.TestBaseUI -- Stop test
21:26:17.747 [Test worker] INFO  de.aittr.lms.UITests.TestBaseUI -- ===============================
]]></system-out>
  <system-err><![CDATA[]]></system-err>
</testsuite>
