<?xml version="1.0" encoding="UTF-8"?>
<testsuite name="de.aittr.lms.restAssuredTests.GetAllUsersTests" tests="2" skipped="0" failures="0" errors="0" timestamp="2023-11-14T19:30:53" hostname="LAPTOP-LILIIA" time="0.272">
  <properties/>
  <testcase name="getAllUsersByAdminPositiveTest" classname="de.aittr.lms.restAssuredTests.GetAllUsersTests" time="0.133"/>
  <testcase name="getAllUsersWithoutAdminNegativeTest" classname="de.aittr.lms.restAssuredTests.GetAllUsersTests" time="0.02"/>
  <system-out><![CDATA[21:30:52.108 [Test worker] INFO  d.a.lms.restAssuredTests.TestBaseRA -- Start test getAllUsersByAdminPositiveTest with parameters []
21:30:53.183 [Test worker] INFO  d.a.lms.restAssuredTests.TestBaseRA -- PASSED: getAllUsersByAdminPositiveTest
21:30:53.184 [Test worker] INFO  d.a.lms.restAssuredTests.TestBaseRA -- Stop test
21:30:53.184 [Test worker] INFO  d.a.lms.restAssuredTests.TestBaseRA -- ==============================
21:30:53.191 [Test worker] INFO  d.a.lms.restAssuredTests.TestBaseRA -- Start test getAllUsersWithoutAdminNegativeTest with parameters []
21:30:53.313 [Test worker] INFO  d.a.lms.restAssuredTests.TestBaseRA -- PASSED: getAllUsersWithoutAdminNegativeTest
21:30:53.314 [Test worker] INFO  d.a.lms.restAssuredTests.TestBaseRA -- Stop test
21:30:53.314 [Test worker] INFO  d.a.lms.restAssuredTests.TestBaseRA -- ==============================
]]></system-out>
  <system-err><![CDATA[]]></system-err>
</testsuite>
