<?xml version="1.0" encoding="UTF-8"?>
<testsuite name="de.aittr.lms.UITests.LoginUITests" tests="7" skipped="0" failures="0" errors="0" timestamp="2023-11-22T21:32:00" hostname="LAPTOP-LILIIA" time="7.393">
  <properties/>
  <testcase name="loginAsAdminPositiveTest" classname="de.aittr.lms.UITests.LoginUITests" time="1.246"/>
  <testcase name="loginAsNotExistStudentNegativeTest" classname="de.aittr.lms.UITests.LoginUITests" time="1.655"/>
  <testcase name="loginAsStudent2PositiveTest" classname="de.aittr.lms.UITests.LoginUITests" time="0.741"/>
  <testcase name="loginAsStudentPositiveTest" classname="de.aittr.lms.UITests.LoginUITests" time="0.726"/>
  <testcase name="loginAsStudentWithNotValidPasswordNegativeTest" classname="de.aittr.lms.UITests.LoginUITests" time="1.7"/>
  <testcase name="loginAsStudentWithWrongFormatEmailNegativeTest" classname="de.aittr.lms.UITests.LoginUITests" time="0.487"/>
  <testcase name="loginAsTeacherPositiveTest" classname="de.aittr.lms.UITests.LoginUITests" time="0.811"/>
  <system-out><![CDATA[23:32:00.310 [Test worker] INFO  de.aittr.lms.UITests.TestBaseUI -- Start test loginAsAdminPositiveTest with data: []
23:32:01.562 [Test worker] INFO  de.aittr.lms.UITests.TestBaseUI -- PASSED: loginAsAdminPositiveTest
23:32:01.563 [Test worker] INFO  de.aittr.lms.UITests.TestBaseUI -- Stop test
23:32:01.563 [Test worker] INFO  de.aittr.lms.UITests.TestBaseUI -- ===============================
23:32:01.568 [Test worker] INFO  de.aittr.lms.UITests.TestBaseUI -- Start test loginAsNotExistStudentNegativeTest with data: []
23:32:03.224 [Test worker] INFO  de.aittr.lms.UITests.TestBaseUI -- PASSED: loginAsNotExistStudentNegativeTest
23:32:03.224 [Test worker] INFO  de.aittr.lms.UITests.TestBaseUI -- Stop test
23:32:03.224 [Test worker] INFO  de.aittr.lms.UITests.TestBaseUI -- ===============================
23:32:03.228 [Test worker] INFO  de.aittr.lms.UITests.TestBaseUI -- Start test loginAsStudent2PositiveTest with data: []
23:32:03.970 [Test worker] INFO  de.aittr.lms.UITests.TestBaseUI -- PASSED: loginAsStudent2PositiveTest
23:32:03.970 [Test worker] INFO  de.aittr.lms.UITests.TestBaseUI -- Stop test
23:32:03.970 [Test worker] INFO  de.aittr.lms.UITests.TestBaseUI -- ===============================
23:32:03.972 [Test worker] INFO  de.aittr.lms.UITests.TestBaseUI -- Start test loginAsStudentPositiveTest with data: []
23:32:04.700 [Test worker] INFO  de.aittr.lms.UITests.TestBaseUI -- PASSED: loginAsStudentPositiveTest
23:32:04.701 [Test worker] INFO  de.aittr.lms.UITests.TestBaseUI -- Stop test
23:32:04.701 [Test worker] INFO  de.aittr.lms.UITests.TestBaseUI -- ===============================
23:32:04.702 [Test worker] INFO  de.aittr.lms.UITests.TestBaseUI -- Start test loginAsStudentWithNotValidPasswordNegativeTest with data: []
23:32:06.404 [Test worker] INFO  de.aittr.lms.UITests.TestBaseUI -- PASSED: loginAsStudentWithNotValidPasswordNegativeTest
23:32:06.404 [Test worker] INFO  de.aittr.lms.UITests.TestBaseUI -- Stop test
23:32:06.404 [Test worker] INFO  de.aittr.lms.UITests.TestBaseUI -- ===============================
23:32:06.407 [Test worker] INFO  de.aittr.lms.UITests.TestBaseUI -- Start test loginAsStudentWithWrongFormatEmailNegativeTest with data: []
23:32:06.894 [Test worker] INFO  de.aittr.lms.UITests.TestBaseUI -- PASSED: loginAsStudentWithWrongFormatEmailNegativeTest
23:32:06.895 [Test worker] INFO  de.aittr.lms.UITests.TestBaseUI -- Stop test
23:32:06.895 [Test worker] INFO  de.aittr.lms.UITests.TestBaseUI -- ===============================
23:32:06.896 [Test worker] INFO  de.aittr.lms.UITests.TestBaseUI -- Start test loginAsTeacherPositiveTest with data: []
23:32:07.708 [Test worker] INFO  de.aittr.lms.UITests.TestBaseUI -- PASSED: loginAsTeacherPositiveTest
23:32:07.709 [Test worker] INFO  de.aittr.lms.UITests.TestBaseUI -- Stop test
23:32:07.709 [Test worker] INFO  de.aittr.lms.UITests.TestBaseUI -- ===============================
]]></system-out>
  <system-err><![CDATA[]]></system-err>
</testsuite>
