<?xml version="1.0" encoding="UTF-8"?>
<testsuite name="de.aittr.lms.restAssuredTests.SetUsersPasswordRATests" tests="9" skipped="0" failures="0" errors="0" timestamp="2023-12-02T19:42:27" hostname="LAPTOP-LILIIA" time="0.371">
  <properties/>
  <testcase name="setNotValidPasswordTest[0](strong_password-123)" classname="de.aittr.lms.restAssuredTests.SetUsersPasswordRATests" time="0.007"/>
  <testcase name="setNotValidPasswordTest[1](STRONG_PASSWORD-123)" classname="de.aittr.lms.restAssuredTests.SetUsersPasswordRATests" time="0.009"/>
  <testcase name="setNotValidPasswordTest[2](Strong_password-num)" classname="de.aittr.lms.restAssuredTests.SetUsersPasswordRATests" time="0.008"/>
  <testcase name="setNotValidPasswordTest[3](StrongPassword123)" classname="de.aittr.lms.restAssuredTests.SetUsersPasswordRATests" time="0.008"/>
  <testcase name="setNotValidPasswordTest[4](3_C)" classname="de.aittr.lms.restAssuredTests.SetUsersPasswordRATests" time="0.009"/>
  <testcase name="setNotValidPasswordTest[5](Str_123)" classname="de.aittr.lms.restAssuredTests.SetUsersPasswordRATests" time="0.011"/>
  <testcase name="setNotValidPasswordTest[6](&quot;Strong_password-123&quot;)" classname="de.aittr.lms.restAssuredTests.SetUsersPasswordRATests" time="0.009"/>
  <testcase name="setNotValidPasswordTest[7](Р«РµРєС‰С‚Рї_Р—С„С‹С‹С†С‰РєРІ-123)" classname="de.aittr.lms.restAssuredTests.SetUsersPasswordRATests" time="0.008"/>
  <testcase name="setUsersPasswordPositiveTest" classname="de.aittr.lms.restAssuredTests.SetUsersPasswordRATests" time="0.086"/>
  <system-out><![CDATA[20:42:27.283 [Test worker] INFO  d.a.lms.restAssuredTests.TestBaseRA -- Start test setNotValidPasswordTest with parameters [strong_password-123]
**********23b12d5e-a919-4d88-98fe-c719e65f0986************
20:42:27.317 [Test worker] INFO  d.a.lms.restAssuredTests.TestBaseRA -- PASSED: setNotValidPasswordTest
20:42:27.318 [Test worker] INFO  d.a.lms.restAssuredTests.TestBaseRA -- Stop test
20:42:27.318 [Test worker] INFO  d.a.lms.restAssuredTests.TestBaseRA -- ==============================
20:42:27.319 [Test worker] INFO  d.a.lms.restAssuredTests.TestBaseRA -- Start test setNotValidPasswordTest with parameters [STRONG_PASSWORD-123]
**********38936bd1-ab19-42e5-9593-9a0a31fd5f92************
20:42:27.357 [Test worker] INFO  d.a.lms.restAssuredTests.TestBaseRA -- PASSED: setNotValidPasswordTest
20:42:27.357 [Test worker] INFO  d.a.lms.restAssuredTests.TestBaseRA -- Stop test
20:42:27.357 [Test worker] INFO  d.a.lms.restAssuredTests.TestBaseRA -- ==============================
20:42:27.358 [Test worker] INFO  d.a.lms.restAssuredTests.TestBaseRA -- Start test setNotValidPasswordTest with parameters [Strong_password-num]
**********80262661-2e53-448f-a9c2-2fe515d68dec************
20:42:27.389 [Test worker] INFO  d.a.lms.restAssuredTests.TestBaseRA -- PASSED: setNotValidPasswordTest
20:42:27.389 [Test worker] INFO  d.a.lms.restAssuredTests.TestBaseRA -- Stop test
20:42:27.389 [Test worker] INFO  d.a.lms.restAssuredTests.TestBaseRA -- ==============================
20:42:27.390 [Test worker] INFO  d.a.lms.restAssuredTests.TestBaseRA -- Start test setNotValidPasswordTest with parameters [StrongPassword123]
**********1e4c212f-ee37-4697-b848-1daee5ca4807************
20:42:27.424 [Test worker] INFO  d.a.lms.restAssuredTests.TestBaseRA -- PASSED: setNotValidPasswordTest
20:42:27.424 [Test worker] INFO  d.a.lms.restAssuredTests.TestBaseRA -- Stop test
20:42:27.424 [Test worker] INFO  d.a.lms.restAssuredTests.TestBaseRA -- ==============================
20:42:27.424 [Test worker] INFO  d.a.lms.restAssuredTests.TestBaseRA -- Start test setNotValidPasswordTest with parameters [3_C]
**********339c3d1d-c9e2-4c68-b0c2-04112b65515a************
20:42:27.459 [Test worker] INFO  d.a.lms.restAssuredTests.TestBaseRA -- PASSED: setNotValidPasswordTest
20:42:27.459 [Test worker] INFO  d.a.lms.restAssuredTests.TestBaseRA -- Stop test
20:42:27.459 [Test worker] INFO  d.a.lms.restAssuredTests.TestBaseRA -- ==============================
20:42:27.460 [Test worker] INFO  d.a.lms.restAssuredTests.TestBaseRA -- Start test setNotValidPasswordTest with parameters [Str_123]
**********1be455fd-8176-4e1f-942c-b9de75455610************
20:42:27.495 [Test worker] INFO  d.a.lms.restAssuredTests.TestBaseRA -- PASSED: setNotValidPasswordTest
20:42:27.496 [Test worker] INFO  d.a.lms.restAssuredTests.TestBaseRA -- Stop test
20:42:27.496 [Test worker] INFO  d.a.lms.restAssuredTests.TestBaseRA -- ==============================
20:42:27.496 [Test worker] INFO  d.a.lms.restAssuredTests.TestBaseRA -- Start test setNotValidPasswordTest with parameters ["Strong_password-123"]
**********44850482-7e7d-475a-8bd3-67e6dfb14aec************
20:42:27.529 [Test worker] INFO  d.a.lms.restAssuredTests.TestBaseRA -- PASSED: setNotValidPasswordTest
20:42:27.529 [Test worker] INFO  d.a.lms.restAssuredTests.TestBaseRA -- Stop test
20:42:27.529 [Test worker] INFO  d.a.lms.restAssuredTests.TestBaseRA -- ==============================
20:42:27.530 [Test worker] INFO  d.a.lms.restAssuredTests.TestBaseRA -- Start test setNotValidPasswordTest with parameters [Р«РµРєС‰С‚Рї_Р—С„С‹С‹С†С‰РєРІ-123]
**********c6d9b622-6a19-4058-a038-34bf553f0210************
20:42:27.567 [Test worker] INFO  d.a.lms.restAssuredTests.TestBaseRA -- PASSED: setNotValidPasswordTest
20:42:27.567 [Test worker] INFO  d.a.lms.restAssuredTests.TestBaseRA -- Stop test
20:42:27.567 [Test worker] INFO  d.a.lms.restAssuredTests.TestBaseRA -- ==============================
20:42:27.568 [Test worker] INFO  d.a.lms.restAssuredTests.TestBaseRA -- Start test setUsersPasswordPositiveTest with parameters []
**********22e96b54-87b5-4539-ade7-1e8ca54df094************
20:42:27.677 [Test worker] INFO  d.a.lms.restAssuredTests.TestBaseRA -- PASSED: setUsersPasswordPositiveTest
20:42:27.677 [Test worker] INFO  d.a.lms.restAssuredTests.TestBaseRA -- Stop test
20:42:27.677 [Test worker] INFO  d.a.lms.restAssuredTests.TestBaseRA -- ==============================
]]></system-out>
  <system-err><![CDATA[]]></system-err>
</testsuite>
