<?xml version="1.0" encoding="UTF-8"?>
<testsuite name="de.aittr.lms.restAssuredTests.LoginRATests" tests="5" skipped="0" failures="0" errors="0" timestamp="2023-12-02T19:42:26" hostname="LAPTOP-LILIIA" time="0.833">
  <properties/>
  <testcase name="loginAsAdmin" classname="de.aittr.lms.restAssuredTests.LoginRATests" time="0.077"/>
  <testcase name="loginAsTeacher" classname="de.aittr.lms.restAssuredTests.LoginRATests" time="0.079"/>
  <testcase name="loginAsUserPositiveTest" classname="de.aittr.lms.restAssuredTests.LoginRATests" time="0.078"/>
  <testcase name="loginAsUserWithWrongPasswordNegativeTest" classname="de.aittr.lms.restAssuredTests.LoginRATests" time="0.078"/>
  <testcase name="loginNotExistedUserNegativeTest" classname="de.aittr.lms.restAssuredTests.LoginRATests" time="0.077"/>
  <system-out><![CDATA[20:42:26.322 [Test worker] INFO  d.a.lms.restAssuredTests.TestBaseRA -- Start test loginAsAdmin with parameters []
**********5bc7cb71-7a5a-4a2b-8723-54b37accd63c************
20:42:26.506 [Test worker] INFO  d.a.lms.restAssuredTests.TestBaseRA -- PASSED: loginAsAdmin
20:42:26.507 [Test worker] INFO  d.a.lms.restAssuredTests.TestBaseRA -- Stop test
20:42:26.507 [Test worker] INFO  d.a.lms.restAssuredTests.TestBaseRA -- ==============================
20:42:26.507 [Test worker] INFO  d.a.lms.restAssuredTests.TestBaseRA -- Start test loginAsTeacher with parameters []
**********4994c7c7-0f2c-4f5a-b379-119d3b328602************
20:42:26.695 [Test worker] INFO  d.a.lms.restAssuredTests.TestBaseRA -- PASSED: loginAsTeacher
20:42:26.695 [Test worker] INFO  d.a.lms.restAssuredTests.TestBaseRA -- Stop test
20:42:26.695 [Test worker] INFO  d.a.lms.restAssuredTests.TestBaseRA -- ==============================
20:42:26.696 [Test worker] INFO  d.a.lms.restAssuredTests.TestBaseRA -- Start test loginAsUserPositiveTest with parameters []
**********1f0f6337-6fd7-4086-81f2-c535c2f2271c************
20:42:26.888 [Test worker] INFO  d.a.lms.restAssuredTests.TestBaseRA -- PASSED: loginAsUserPositiveTest
20:42:26.888 [Test worker] INFO  d.a.lms.restAssuredTests.TestBaseRA -- Stop test
20:42:26.889 [Test worker] INFO  d.a.lms.restAssuredTests.TestBaseRA -- ==============================
20:42:26.889 [Test worker] INFO  d.a.lms.restAssuredTests.TestBaseRA -- Start test loginAsUserWithWrongPasswordNegativeTest with parameters []
**********46b407be-ad88-4748-a3cb-eaf1701f377d************
20:42:27.076 [Test worker] INFO  d.a.lms.restAssuredTests.TestBaseRA -- PASSED: loginAsUserWithWrongPasswordNegativeTest
20:42:27.076 [Test worker] INFO  d.a.lms.restAssuredTests.TestBaseRA -- Stop test
20:42:27.076 [Test worker] INFO  d.a.lms.restAssuredTests.TestBaseRA -- ==============================
20:42:27.077 [Test worker] INFO  d.a.lms.restAssuredTests.TestBaseRA -- Start test loginNotExistedUserNegativeTest with parameters []
**********066252bc-9fc6-41b9-a54a-8064db9e7d2e************
20:42:27.267 [Test worker] INFO  d.a.lms.restAssuredTests.TestBaseRA -- PASSED: loginNotExistedUserNegativeTest
20:42:27.267 [Test worker] INFO  d.a.lms.restAssuredTests.TestBaseRA -- Stop test
20:42:27.267 [Test worker] INFO  d.a.lms.restAssuredTests.TestBaseRA -- ==============================
]]></system-out>
  <system-err><![CDATA[]]></system-err>
</testsuite>
