<?xml version="1.0" encoding="UTF-8"?>
<testsuite name="de.aittr.lms.restAssuredTests.PasswordRecoveryTests" tests="1" skipped="0" failures="0" errors="0" timestamp="2023-12-03T10:56:02" hostname="LAPTOP-LILIIA" time="1.113">
  <properties/>
  <testcase name="passwordRecoveryNotExistedUserNegativeTest" classname="de.aittr.lms.restAssuredTests.PasswordRecoveryTests" time="1.113"/>
  <system-out><![CDATA[Standard Commons Logging discovery in action with spring-jcl: please remove commons-logging.jar from classpath in order to avoid potential conflicts
11:56:02.876 [Test worker] INFO  d.a.lms.restAssuredTests.TestBaseRA -- Start test passwordRecoveryNotExistedUserNegativeTest with parameters []
11:56:03.999 [Test worker] INFO  d.a.lms.restAssuredTests.TestBaseRA -- PASSED: passwordRecoveryNotExistedUserNegativeTest
11:56:04.000 [Test worker] INFO  d.a.lms.restAssuredTests.TestBaseRA -- Stop test
11:56:04.001 [Test worker] INFO  d.a.lms.restAssuredTests.TestBaseRA -- ==============================
]]></system-out>
  <system-err><![CDATA[]]></system-err>
</testsuite>
